npm verbose cli /usr/local/bin/node /usr/local/bin/npm
npm info using npm@10.8.2
npm info using node@v20.19.0
npm verbose title npm install
npm verbose argv "install" "--loglevel" "verbose"
npm verbose logfile logs-max:10 dir:/home/.npm/_logs/2025-04-10T15_56_35_483Z-
npm verbose logfile /home/.npm/_logs/2025-04-10T15_56_35_483Z-debug-0.log
npm verbose shrinkwrap failed to load node_modules/.package-lock.json missing from lockfile: node_modules/lightningcss/node_modules/napi-wasm
npm http fetch GET 200 https://registry.npmjs.org/graphql 3582ms (cache updated)
npm warn ERESOLVE overriding peer dependency
npm warn While resolving: @0no-co/graphql.web@1.1.2
npm warn Found: graphql@0.13.2
npm warn node_modules/graphql
npm warn   graphql@"0.13.2" from @expo/dev-tools@0.13.129
npm warn   node_modules/@expo/dev-tools
npm warn     @expo/dev-tools@"0.13.129" from expo-cli@4.13.0
npm warn     node_modules/expo-cli
npm warn   5 more (@graphql-typed-document-node/core, apollo-link, ...)
npm warn
npm warn Could not resolve dependency:
npm warn peerOptional graphql@"^14.0.0 || ^15.0.0 || ^16.0.0" from @0no-co/graphql.web@1.1.2
npm warn node_modules/@0no-co/graphql.web
npm warn   @0no-co/graphql.web@"^1.0.8" from @expo/cli@0.22.24
npm warn   node_modules/@expo/cli
npm warn   1 more (@urql/core)
npm warn
npm warn Conflicting peer dependency: graphql@16.10.0
npm warn node_modules/graphql
npm warn   peerOptional graphql@"^14.0.0 || ^15.0.0 || ^16.0.0" from @0no-co/graphql.web@1.1.2
npm warn   node_modules/@0no-co/graphql.web
npm warn     @0no-co/graphql.web@"^1.0.8" from @expo/cli@0.22.24
npm warn     node_modules/@expo/cli
npm warn     1 more (@urql/core)
npm http fetch GET 200 https://registry.npmjs.org/graphql 15ms (cache hit)
npm warn ERESOLVE overriding peer dependency
npm warn While resolving: @graphql-tools/merge@9.0.24
npm warn Found: graphql@0.13.2
npm warn node_modules/graphql
npm warn   graphql@"0.13.2" from @expo/dev-tools@0.13.129
npm warn   node_modules/@expo/dev-tools
npm warn     @expo/dev-tools@"0.13.129" from expo-cli@4.13.0
npm warn     node_modules/expo-cli
npm warn   5 more (@graphql-typed-document-node/core, apollo-link, ...)
npm warn
npm warn Could not resolve dependency:
npm warn peer graphql@"^14.0.0 || ^15.0.0 || ^16.0.0 || ^17.0.0" from @graphql-tools/merge@9.0.24
npm warn node_modules/@graphql-tools/merge
npm warn   @graphql-tools/merge@"^9.0.24" from @graphql-tools/schema@10.0.23
npm warn   node_modules/@graphql-tools/schema
npm warn
npm warn Conflicting peer dependency: graphql@16.10.0
npm warn node_modules/graphql
npm warn   peer graphql@"^14.0.0 || ^15.0.0 || ^16.0.0 || ^17.0.0" from @graphql-tools/merge@9.0.24
npm warn   node_modules/@graphql-tools/merge
npm warn     @graphql-tools/merge@"^9.0.24" from @graphql-tools/schema@10.0.23
npm warn     node_modules/@graphql-tools/schema
npm verbose stack Error: could not resolve
npm verbose stack     at o.failPeerConflict (/usr/local/lib/node_modules/npm/dist/common.js:462:31008)
npm verbose stack     at new o (/usr/local/lib/node_modules/npm/dist/common.js:462:27076)
npm verbose stack     at h.ls (/usr/local/lib/node_modules/npm/dist/common.js:456:2455)
npm verbose stack     at async h.buildIdealTree (/usr/local/lib/node_modules/npm/dist/common.js:445:5457)
npm error code ERESOLVE
npm error ERESOLVE could not resolve
npm error
npm error While resolving: @graphql-tools/schema@10.0.23
npm error Found: graphql@0.13.2
npm error node_modules/graphql
npm error   graphql@"0.13.2" from @expo/dev-tools@0.13.129
npm error   node_modules/@expo/dev-tools
npm error     @expo/dev-tools@"0.13.129" from expo-cli@4.13.0
npm error     node_modules/expo-cli
npm error       expo-cli@"^4.9.1" from the root project
npm error   peer graphql@"^0.8.0 || ^0.9.0 || ^0.10.0 || ^0.11.0 || ^0.12.0 || ^0.13.0 || ^14.0.0 || ^15.0.0 || ^16.0.0 || ^17.0.0" from @graphql-typed-document-node/core@3.2.0
npm error   node_modules/@graphql-typed-document-node/core
npm error     @graphql-typed-document-node/core@"^3.1.1" from @graphql-tools/utils@10.8.6
npm error     node_modules/@graphql-tools/utils
npm error       @graphql-tools/utils@"^10.8.6" from @graphql-tools/merge@9.0.24
npm error       node_modules/@graphql-tools/merge
npm error         @graphql-tools/merge@"^9.0.24" from @graphql-tools/schema@10.0.23
npm error         node_modules/@graphql-tools/schema
npm error       1 more (@graphql-tools/schema)
npm error   4 more (apollo-link, apollo-utilities, graphql-tools, subscriptions-transport-ws)
npm error
npm error Could not resolve dependency:
npm error peer graphql@"^14.0.0 || ^15.0.0 || ^16.0.0 || ^17.0.0" from @graphql-tools/schema@10.0.23
npm error node_modules/@graphql-tools/schema
npm error   @graphql-tools/schema@"^10.0.23" from the root project
npm error
npm error Conflicting peer dependency: graphql@16.10.0
npm error node_modules/graphql
npm error   peer graphql@"^14.0.0 || ^15.0.0 || ^16.0.0 || ^17.0.0" from @graphql-tools/schema@10.0.23
npm error   node_modules/@graphql-tools/schema
npm error     @graphql-tools/schema@"^10.0.23" from the root project
npm error
npm error Fix the upstream dependency conflict, or retry
npm error this command with --force or --legacy-peer-deps
npm error to accept an incorrect (and potentially broken) dependency resolution.
npm error
npm error
npm error For a full report see:
npm error /home/.npm/_logs/2025-04-10T15_56_35_483Z-eresolve-report.txt
npm verbose cwd /home/project
npm verbose os Linux 5.0 (Windows NT 10.0; Win64; x64) AppleWebKit/537.36 (KHTML, like Gecko) Chrome/133.0.0.0 Safari/537.36
npm verbose node v20.19.0
npm verbose npm  v10.8.2
npm verbose exit 1
npm verbose code 1
npm error A complete log of this run can be found in: /home/.npm/_logs/2025-04-10T15_56_35_483Z-debug-0.log
